[2024-07-31T00:16:31.228-0500] [glassfish 4.1] [INFO] [] [] [tid: _ThreadID=116 _ThreadName=Thread-8] [timeMillis: 1722402991228] [levelValue: 800] [[
  Hibernate: 
    select
        producto0_.CODPRODUCTO as CODPRODU1_3_,
        producto0_.NOMBREPRODUCTO as NOMBREPR2_3_,
        producto0_.PRECIOVENTA as PRECIOVE3_3_,
        producto0_.STOCKMINIMO as STOCKMIN4_3_,
        producto0_.STOCKACTUAL as STOCKACT5_3_,
        producto0_.CODIGOBARRA as CODIGOBA6_3_ 
    from
        FACTURACION.dbo.PRODUCTO producto0_]]

[2024-07-31T00:16:31.260-0500] [glassfish 4.1] [INFO] [] [] [tid: _ThreadID=116 _ThreadName=Thread-8] [timeMillis: 1722402991260] [levelValue: 800] [[
  Hibernate: 
    select
        producto0_.CODPRODUCTO as CODPRODU1_3_,
        producto0_.NOMBREPRODUCTO as NOMBREPR2_3_,
        producto0_.PRECIOVENTA as PRECIOVE3_3_,
        producto0_.STOCKMINIMO as STOCKMIN4_3_,
        producto0_.STOCKACTUAL as STOCKACT5_3_,
        producto0_.CODIGOBARRA as CODIGOBA6_3_ 
    from
        FACTURACION.dbo.PRODUCTO producto0_]]

[2024-07-31T00:16:31.275-0500] [glassfish 4.1] [INFO] [] [] [tid: _ThreadID=116 _ThreadName=Thread-8] [timeMillis: 1722402991275] [levelValue: 800] [[
  Hibernate: 
    select
        cliente0_.CODCLIENTE as CODCLIEN1_0_,
        cliente0_.NOMBRES as NOMBRES2_0_,
        cliente0_.APELLIDOS as APELLIDO3_0_,
        cliente0_.CELULAR as CELULAR4_0_,
        cliente0_.DIRRECION as DIRRECIO5_0_,
        cliente0_.IDENTIFICACION as IDENTIFI6_0_,
        cliente0_.EMAIL as EMAIL7_0_ 
    from
        FACTURACION.dbo.CLIENTE cliente0_]]

[2024-07-31T00:16:31.291-0500] [glassfish 4.1] [INFO] [] [] [tid: _ThreadID=116 _ThreadName=Thread-8] [timeMillis: 1722402991291] [levelValue: 800] [[
  Hibernate: 
    select
        cliente0_.CODCLIENTE as CODCLIEN1_0_,
        cliente0_.NOMBRES as NOMBRES2_0_,
        cliente0_.APELLIDOS as APELLIDO3_0_,
        cliente0_.CELULAR as CELULAR4_0_,
        cliente0_.DIRRECION as DIRRECIO5_0_,
        cliente0_.IDENTIFICACION as IDENTIFI6_0_,
        cliente0_.EMAIL as EMAIL7_0_ 
    from
        FACTURACION.dbo.CLIENTE cliente0_]]

[2024-07-31T00:16:31.322-0500] [glassfish 4.1] [INFO] [] [] [tid: _ThreadID=116 _ThreadName=Thread-8] [timeMillis: 1722402991322] [levelValue: 800] [[
  Hibernate: 
    select
        producto0_.CODPRODUCTO as CODPRODU1_3_,
        producto0_.NOMBREPRODUCTO as NOMBREPR2_3_,
        producto0_.PRECIOVENTA as PRECIOVE3_3_,
        producto0_.STOCKMINIMO as STOCKMIN4_3_,
        producto0_.STOCKACTUAL as STOCKACT5_3_,
        producto0_.CODIGOBARRA as CODIGOBA6_3_ 
    from
        FACTURACION.dbo.PRODUCTO producto0_]]

[2024-07-31T00:16:31.353-0500] [glassfish 4.1] [INFO] [] [] [tid: _ThreadID=116 _ThreadName=Thread-8] [timeMillis: 1722402991353] [levelValue: 800] [[
  Hibernate: 
    select
        producto0_.CODPRODUCTO as CODPRODU1_3_,
        producto0_.NOMBREPRODUCTO as NOMBREPR2_3_,
        producto0_.PRECIOVENTA as PRECIOVE3_3_,
        producto0_.STOCKMINIMO as STOCKMIN4_3_,
        producto0_.STOCKACTUAL as STOCKACT5_3_,
        producto0_.CODIGOBARRA as CODIGOBA6_3_ 
    from
        FACTURACION.dbo.PRODUCTO producto0_]]

[2024-07-31T00:16:31.385-0500] [glassfish 4.1] [INFO] [] [] [tid: _ThreadID=116 _ThreadName=Thread-8] [timeMillis: 1722402991385] [levelValue: 800] [[
  Hibernate: 
    insert 
    into
        FACTURACION.dbo.FACTURA
        (CODCLIENTE, CODVENDEDOR, NUMEROFACTURA, TOTALVENTA, FECHAREGISTRO) 
    values
        (?, ?, ?, ?, ?)]]

[2024-07-31T00:16:31.400-0500] [glassfish 4.1] [INFO] [] [] [tid: _ThreadID=116 _ThreadName=Thread-8] [timeMillis: 1722402991400] [levelValue: 800] [[
  Hibernate: 
    select
        detallefac0_.CODFACTURA as CODFACTU2_2_0_,
        detallefac0_.CODDETALLE as CODDETAL1_1_0_,
        detallefac0_.CODDETALLE as CODDETAL1_1_1_,
        detallefac0_.CODFACTURA as CODFACTU2_1_1_,
        detallefac0_.CODPRODUCTO as CODPRODU3_1_1_,
        detallefac0_.CODBARRA as CODBARRA4_1_1_,
        detallefac0_.NOMBREPRODUCTO as NOMBREPR5_1_1_,
        detallefac0_.CANTIDAD as CANTIDAD6_1_1_,
        detallefac0_.PRECIOVENTA as PRECIOVE7_1_1_,
        detallefac0_.TOTAL as TOTAL8_1_1_ 
    from
        FACTURACION.dbo.DETALLEFACTURA detallefac0_ 
    where
        detallefac0_.CODFACTURA=?]]

[2024-07-31T00:16:31.400-0500] [glassfish 4.1] [INFO] [] [] [tid: _ThreadID=116 _ThreadName=Thread-8] [timeMillis: 1722402991400] [levelValue: 800] [[
  Hibernate: 
    select
        top 1 factura0_.CODFACTURA as CODFACTU1_2_,
        factura0_.CODCLIENTE as CODCLIEN2_2_,
        factura0_.CODVENDEDOR as CODVENDE3_2_,
        factura0_.NUMEROFACTURA as NUMEROFA4_2_,
        factura0_.TOTALVENTA as TOTALVEN5_2_,
        factura0_.FECHAREGISTRO as FECHAREG6_2_ 
    from
        FACTURACION.dbo.FACTURA factura0_ 
    order by
        factura0_.CODFACTURA DESC]]

[2024-07-31T00:16:31.400-0500] [glassfish 4.1] [INFO] [] [] [tid: _ThreadID=116 _ThreadName=Thread-8] [timeMillis: 1722402991400] [levelValue: 800] [[
  Hibernate: 
    select
        producto0_.CODPRODUCTO as CODPRODU1_3_,
        producto0_.NOMBREPRODUCTO as NOMBREPR2_3_,
        producto0_.PRECIOVENTA as PRECIOVE3_3_,
        producto0_.STOCKMINIMO as STOCKMIN4_3_,
        producto0_.STOCKACTUAL as STOCKACT5_3_,
        producto0_.CODIGOBARRA as CODIGOBA6_3_ 
    from
        FACTURACION.dbo.PRODUCTO producto0_ 
    where
        producto0_.CODIGOBARRA=?]]

[2024-07-31T00:16:31.416-0500] [glassfish 4.1] [INFO] [] [] [tid: _ThreadID=116 _ThreadName=Thread-8] [timeMillis: 1722402991416] [levelValue: 800] [[
  Hibernate: 
    insert 
    into
        FACTURACION.dbo.DETALLEFACTURA
        (CODFACTURA, CODPRODUCTO, CODBARRA, NOMBREPRODUCTO, CANTIDAD, PRECIOVENTA, TOTAL) 
    values
        (?, ?, ?, ?, ?, ?, ?)]]

[2024-07-31T00:16:31.432-0500] [glassfish 4.1] [INFO] [] [] [tid: _ThreadID=116 _ThreadName=Thread-8] [timeMillis: 1722402991432] [levelValue: 800] [[
  Cliente: 16]]

[2024-07-31T00:16:31.432-0500] [glassfish 4.1] [INFO] [] [] [tid: _ThreadID=116 _ThreadName=Thread-8] [timeMillis: 1722402991432] [levelValue: 800] [[
  Vendedor: 1]]

[2024-07-31T00:16:31.432-0500] [glassfish 4.1] [INFO] [] [] [tid: _ThreadID=116 _ThreadName=Thread-8] [timeMillis: 1722402991432] [levelValue: 800] [[
  Factura: 21]]

